Compiled jquery.js  (5ms)  (pid 8973)
Compiled jquery_ujs.js  (1ms)  (pid 8973)
Compiled jquery.pjax.js  (0ms)  (pid 8973)
Compiled layout.js  (7ms)  (pid 8973)
Compiled bootstrap.min.js  (32ms)  (pid 8973)
Compiled application.js  (194ms)  (pid 8973)
Compiled contact.css  (1ms)  (pid 8973)
Compiled home.css  (0ms)  (pid 8973)
Compiled services.css  (0ms)  (pid 8973)
Compiled style.css  (0ms)  (pid 8973)
Compiled bootstrap.min.css  (1ms)  (pid 8973)
Compiled application.css  (101ms)  (pid 8973)
Compiled jquery.js  (3ms)  (pid 8973)
Compiled jquery_ujs.js  (0ms)  (pid 8973)
Compiled jquery.pjax.js  (0ms)  (pid 8973)
Compiled layout.js  (6ms)  (pid 8973)
Compiled bootstrap.min.js  (0ms)  (pid 8973)
Compiled application.js  (107ms)  (pid 8973)
Compiled contact.css  (0ms)  (pid 8973)
Compiled home.css  (0ms)  (pid 8973)
Compiled services.css  (0ms)  (pid 8973)
Compiled style.css  (0ms)  (pid 8973)
Compiled bootstrap.min.css  (1ms)  (pid 8973)
Compiled application.css  (59ms)  (pid 8973)
Compiled jquery.js  (42ms)  (pid 8988)
Compiled jquery_ujs.js  (0ms)  (pid 8988)
Compiled jquery.pjax.js  (0ms)  (pid 8988)
Compiled layout.js  (7ms)  (pid 8988)
Compiled bootstrap.min.js  (0ms)  (pid 8988)
Compiled application.js  (178ms)  (pid 8988)
Compiled contact.css  (1ms)  (pid 8988)
Compiled home.css  (0ms)  (pid 8988)
Compiled services.css  (0ms)  (pid 8988)
Compiled style.css  (0ms)  (pid 8988)
Compiled bootstrap.min.css  (4ms)  (pid 8988)
Compiled application.css  (78ms)  (pid 8988)
Compiled jquery.js  (4ms)  (pid 8988)
Compiled jquery_ujs.js  (0ms)  (pid 8988)
Compiled jquery.pjax.js  (0ms)  (pid 8988)
Compiled layout.js  (5ms)  (pid 8988)
Compiled bootstrap.min.js  (0ms)  (pid 8988)
Compiled application.js  (123ms)  (pid 8988)
Compiled contact.css  (0ms)  (pid 8988)
Compiled home.css  (0ms)  (pid 8988)
Compiled services.css  (0ms)  (pid 8988)
Compiled style.css  (0ms)  (pid 8988)
Compiled bootstrap.min.css  (1ms)  (pid 8988)
Compiled application.css  (54ms)  (pid 8988)
